Arguments: 
  /Users/dustycandland/.asdf/installs/nodejs/11.6.0/bin/node /Users/dustycandland/.yarn/bin/yarn.js add node_modules

PATH: 
  /Users/dustycandland/.asdf/installs/nodejs/11.6.0/.npm/lib/node_modules/npm/node_modules/npm-lifecycle/node-gyp-bin:/Users/dustycandland/projects/candland/11ty-starter/node_modules/.bin:/Users/dustycandland/.asdf/installs/nodejs/11.6.0/bin:/Users/dustycandland/.asdf/installs/nodejs/11.6.0/.npm/bin::/usr/local/heroku/bin:/Users/dustycandland/.yarn/bin:/Users/dustycandland/.config/yarn/global/node_modules/.bin:/Users/dustycandland/.asdf/shims:/Users/dustycandland/.asdf/bin:/usr/local/opt/gnu-sed/libexec/gnubin:/Users/dustycandland/bin:/usr/local/sbin:/usr/local/bin:/usr/local/bin:/usr/bin:/bin:/usr/sbin:/sbin:/usr/local/MacGPG2/bin:/opt/X11/bin:/usr/local/heroku/bin:/Users/dustycandland/.yarn/bin:/Users/dustycandland/.config/yarn/global/node_modules/.bin:/usr/local/opt/gnu-sed/libexec/gnubin:/Users/dustycandland/bin:/usr/local/sbin:/Users/dustycandland/bin/ec2-api-tools-1.6.6.0/bin:/Users/dustycandland/Library/Android/sdk/tools:/Users/dustycandland/Library/Android/sdk/platform-tools:/Users/dustycandland/gocode/bin:/usr/local/opt/go/libexec/bin:/Users/dustycandland/Library/Python/2.7/bin:/Users/dustycandland/.fzf/bin:/Users/dustycandland/bin/ec2-api-tools-1.6.6.0/bin:/Users/dustycandland/Library/Android/sdk/tools:/Users/dustycandland/Library/Android/sdk/platform-tools:/Users/dustycandland/gocode/bin:/usr/local/opt/go/libexec/bin:/Users/dustycandland/Library/Python/2.7/bin

Yarn version: 
  1.12.3

Node version: 
  11.6.0

Platform: 
  darwin x64

Trace: 
  Error: https://registry.npmjs.org/node_modules: Not found
      at Request.params.callback [as _callback] (/Users/dustycandland/.yarn/lib/cli.js:65894:18)
      at Request.self.callback (/Users/dustycandland/.yarn/lib/cli.js:129018:22)
      at Request.emit (events.js:188:13)
      at Request.<anonymous> (/Users/dustycandland/.yarn/lib/cli.js:129990:10)
      at Request.emit (events.js:188:13)
      at IncomingMessage.<anonymous> (/Users/dustycandland/.yarn/lib/cli.js:129912:12)
      at Object.onceWrapper (events.js:276:13)
      at IncomingMessage.emit (events.js:193:15)
      at endReadableNT (_stream_readable.js:1129:12)
      at process.internalTickCallback (internal/process/next_tick.js:72:19)

npm manifest: 
  {
    "name": "11ty-starter",
    "version": "1.0.0",
    "description": "",
    "main": "index.js",
    "scripts": {
      "start": "npm-run-all --parallel dev:*",
      "dev:eleventy": "ELEVENTY_ENV=development eleventy --serve --quiet",
      "dev:parcel": "parcel watch --public-url /assets src/_assets/images/* src/_assets/css/main.css src/_assets/js/index.js --out-dir _site/assets",
      "build": "run-s prod:*",
      "prod:eleventy": "ELEVENTY_ENV=production eleventy --output=./build",
      "prod:parcel": "parcel build --public-url /assets src/_assets/images/* src/_assets/images/* src/_assets/css/main.css src/_assets/js/index.js --out-dir build/assets"
    },
    "author": "Stubborn Goods",
    "license": "ISC",
    "dependencies": {},
    "devDependencies": {
      "@11ty/eleventy": "^0.8.2",
      "@11ty/eleventy-plugin-rss": "^1.0.6",
      "@babel/core": "^7.4.4",
      "@babel/plugin-proposal-class-properties": "^7.4.4",
      "@babel/preset-env": "^7.4.4",
      "autoprefixer": "^9.6.1",
      "cssnano": "^4.1.10",
      "npm-run-all": "^4.1.5",
      "parcel-bundler": "^1.12.3",
      "postcss-import": "^12.0.1",
      "precss": "^4.0.0",
      "stimulus": "^1.1.1",
      "tailwindcss": "^1.0.0"
    }
  }

yarn manifest: 
  No manifest

Lockfile: 
  No lockfile
